<?xml version="1.0" encoding="UTF-8"?>
<!-- Generated by org.testng.reporters.JUnitXMLReporter -->
<testsuite hostname="ICPL13845" name="Test" tests="1" failures="1" timestamp="19 Feb 2020 16:18:06 GMT" time="13.257" errors="0">
  <testcase name="amazonTest" time="0.008" classname="Assignment.SeleniumAssignment.FirstAssignment">
    <failure type="java.lang.NullPointerException">
      <![CDATA[java.lang.NullPointerException
	at Assignment.SeleniumAssignment.FirstAssignment.amazonTest(FirstAssignment.java:24)
... Removed 24 stack frames]]>
    </failure>
  </testcase> <!-- amazonTest -->
</testsuite> <!-- Test -->
