<?xml version="1.0" encoding="UTF-8"?>
<testng-results skipped="0" failed="0" total="1" passed="1">
  <reporter-output>
  </reporter-output>
  <suite name="Suite" duration-ms="39652" started-at="2020-02-21T06:47:01Z" finished-at="2020-02-21T06:47:41Z">
    <groups>
    </groups>
    <test name="TripAdvisorTest" duration-ms="39652" started-at="2020-02-21T06:47:01Z" finished-at="2020-02-21T06:47:41Z">
      <class name="Assignment.SeleniumAssignment.TripAdvisorTest">
        <test-method status="PASS" signature="openApplication()[pri:0, instance:Assignment.SeleniumAssignment.TripAdvisorTest@7dc7cbad]" name="openApplication" is-config="true" duration-ms="11625" started-at="2020-02-21T12:17:01Z" finished-at="2020-02-21T12:17:13Z">
          <reporter-output>
          </reporter-output>
        </test-method> <!-- openApplication -->
        <test-method status="PASS" signature="amazonTest(java.lang.String, java.lang.String, java.lang.String, java.lang.String)[pri:0, instance:Assignment.SeleniumAssignment.TripAdvisorTest@7dc7cbad]" name="amazonTest" duration-ms="27885" started-at="2020-02-21T12:17:13Z" finished-at="2020-02-21T12:17:41Z">
          <params>
            <param index="0">
              <value>
                <![CDATA[https://www.tripadvisor.in]]>
              </value>
            </param>
            <param index="1">
              <value>
                <![CDATA[Club Mahindra]]>
              </value>
            </param>
            <param index="2">
              <value>
                <![CDATA[Review Title]]>
              </value>
            </param>
            <param index="3">
              <value>
                <![CDATA[Review Summay]]>
              </value>
            </param>
          </params>
          <reporter-output>
          </reporter-output>
        </test-method> <!-- amazonTest -->
        <test-method status="PASS" signature="tearDown()[pri:0, instance:Assignment.SeleniumAssignment.TripAdvisorTest@7dc7cbad]" name="tearDown" is-config="true" duration-ms="107" started-at="2020-02-21T12:17:41Z" finished-at="2020-02-21T12:17:41Z">
          <reporter-output>
          </reporter-output>
        </test-method> <!-- tearDown -->
      </class> <!-- Assignment.SeleniumAssignment.TripAdvisorTest -->
    </test> <!-- TripAdvisorTest -->
  </suite> <!-- Suite -->
</testng-results>
